<?xml version="1.0" encoding="UTF-8"?>
<!-- Generated by org.testng.reporters.JUnitXMLReporter -->
<testsuite ignored="0" hostname="DESKTOP-N1QDEH3" failures="0" tests="3" name="Default test" time="28.838" errors="0" timestamp="2022-05-14T23:21:13 BDT">
  <testcase classname="testcases.TC001" name="SignInClick" time="0.187"/>
  <testcase classname="testcases.TC001" name="SignIn" time="0.975"/>
  <testcase classname="testcases.TC001" name="clickSeeJobs" time="4.056"/>
</testsuite> <!-- Default test -->
