<?xml version="1.0" encoding="UTF-8"?>
<testng-results ignored="0" total="3" passed="3" failed="0" skipped="0">
  <reporter-output>
  </reporter-output>
  <suite started-at="2022-05-14T23:20:45 BDT" name="Default suite" finished-at="2022-05-14T23:21:13 BDT" duration-ms="28838">
    <groups>
    </groups>
    <test started-at="2022-05-14T23:20:45 BDT" name="Default test" finished-at="2022-05-14T23:21:13 BDT" duration-ms="28838">
      <class name="testcases.TC001">
        <test-method is-config="true" signature="setDriver()[pri:0, instance:testcases.TC001@498d318c]" started-at="2022-05-14T23:20:45 BDT" name="setDriver" finished-at="2022-05-14T23:21:04 BDT" duration-ms="19372" status="PASS">
          <reporter-output>
          </reporter-output>
        </test-method> <!-- setDriver -->
        <test-method signature="SignInClick()[pri:1, instance:testcases.TC001@498d318c]" started-at="2022-05-14T23:21:04 BDT" name="SignInClick" finished-at="2022-05-14T23:21:04 BDT" duration-ms="187" status="PASS">
          <reporter-output>
          </reporter-output>
        </test-method> <!-- SignInClick -->
        <test-method signature="SignIn()[pri:2, instance:testcases.TC001@498d318c]" started-at="2022-05-14T23:21:04 BDT" name="SignIn" finished-at="2022-05-14T23:21:05 BDT" duration-ms="975" status="PASS">
          <reporter-output>
          </reporter-output>
        </test-method> <!-- SignIn -->
        <test-method signature="clickSeeJobs()[pri:3, instance:testcases.TC001@498d318c]" started-at="2022-05-14T23:21:05 BDT" name="clickSeeJobs" finished-at="2022-05-14T23:21:09 BDT" duration-ms="4056" status="PASS">
          <reporter-output>
          </reporter-output>
        </test-method> <!-- clickSeeJobs -->
        <test-method is-config="true" signature="closeUp()[pri:0, instance:testcases.TC001@498d318c]" started-at="2022-05-14T23:21:09 BDT" name="closeUp" finished-at="2022-05-14T23:21:13 BDT" duration-ms="4218" status="PASS">
          <reporter-output>
          </reporter-output>
        </test-method> <!-- closeUp -->
      </class> <!-- testcases.TC001 -->
    </test> <!-- Default test -->
  </suite> <!-- Default suite -->
</testng-results>
